<?xml version="1.0" encoding="UTF-8"?>
<!-- Generated by org.testng.reporters.JUnitReportReporter -->
<testsuite hostname="DESKTOP-MHSCMR3" failures="0" tests="1" name="com.sauceDemo.POMClasses.test" time="0.017" errors="0" timestamp="2022-02-18T13:50:13 IST" skipped="0">
  <testcase classname="com.sauceDemo.POMClasses.test" name="m1" time="0.017"/>
  <system-out/>
</testsuite> <!-- com.sauceDemo.POMClasses.test -->
